2022-12-29 04:12:21,516 Namespace(cfg='experiments/cls_hrnet_w48_sgd_lr5e-2_wd1e-4_bs32_x100.yaml', dataDir='', logDir='', modelDir='', testModel='')
2022-12-29 04:12:21,516 {'AUTO_RESUME': False,
 'CUDNN': CfgNode({'BENCHMARK': True, 'DETERMINISTIC': False, 'ENABLED': True}),
 'DATASET': {'COLOR_RGB': False,
             'DATASET': 'imagenet',
             'DATA_FORMAT': 'tif',
             'FLIP': True,
             'HYBRID_JOINTS_TYPE': '',
             'NUM_JOINTS_HALF_BODY': 8,
             'PROB_HALF_BODY': 0.0,
             'ROOT': 'data/imagenet\\images',
             'ROT_FACTOR': 30,
             'SCALE_FACTOR': 0.25,
             'SELECT_DATA': False,
             'TEST_SET': 'val',
             'TRAIN_SET': 'train'},
 'DATA_DIR': 'data/',
 'DEBUG': {'DEBUG': False,
           'SAVE_BATCH_IMAGES_GT': False,
           'SAVE_BATCH_IMAGES_PRED': False,
           'SAVE_HEATMAPS_GT': False,
           'SAVE_HEATMAPS_PRED': False},
 'GPUS': (0,),
 'LOG_DIR': 'log/',
 'LOSS': {'TOPK': 8,
          'USE_DIFFERENT_JOINTS_WEIGHT': False,
          'USE_OHKM': False,
          'USE_TARGET_WEIGHT': True},
 'MODEL': {'EXTRA': {'STAGE1': {'BLOCK': 'BOTTLENECK',
                                'FUSE_METHOD': 'SUM',
                                'NUM_BLOCKS': [4],
                                'NUM_CHANNELS': [64],
                                'NUM_MODULES': 1,
                                'NUM_RANCHES': 1},
                     'STAGE2': {'BLOCK': 'BASIC',
                                'FUSE_METHOD': 'SUM',
                                'NUM_BLOCKS': [4, 4],
                                'NUM_BRANCHES': 2,
                                'NUM_CHANNELS': [48, 96],
                                'NUM_MODULES': 1},
                     'STAGE3': {'BLOCK': 'BASIC',
                                'FUSE_METHOD': 'SUM',
                                'NUM_BLOCKS': [4, 4, 4],
                                'NUM_BRANCHES': 3,
                                'NUM_CHANNELS': [48, 96, 192],
                                'NUM_MODULES': 4},
                     'STAGE4': {'BLOCK': 'BASIC',
                                'FUSE_METHOD': 'SUM',
                                'NUM_BLOCKS': [4, 4, 4, 4],
                                'NUM_BRANCHES': 4,
                                'NUM_CHANNELS': [48, 96, 192, 384],
                                'NUM_MODULES': 3}},
           'HEATMAP_SIZE': [64, 64],
           'IMAGE_SIZE': [224, 224],
           'INIT_WEIGHTS': True,
           'NAME': 'cls_hrnet',
           'NUM_CLASSES': 1000,
           'NUM_JOINTS': 17,
           'PRETRAINED': '',
           'SIGMA': 2,
           'TAG_PER_JOINT': True,
           'TARGET_TYPE': 'gaussian'},
 'OUTPUT_DIR': 'output/',
 'PIN_MEMORY': True,
 'PRINT_FREQ': 1000,
 'RANK': 0,
 'TEST': {'BATCH_SIZE_PER_GPU': 12,
          'BBOX_THRE': 1.0,
          'COCO_BBOX_FILE': '',
          'FLIP_TEST': False,
          'IMAGE_THRE': 0.1,
          'IN_VIS_THRE': 0.0,
          'MODEL_FILE': '',
          'NMS_THRE': 0.6,
          'OKS_THRE': 0.5,
          'POST_PROCESS': False,
          'SHIFT_HEATMAP': False,
          'SOFT_NMS': False,
          'USE_GT_BBOX': False},
 'TRAIN': {'BATCH_SIZE_PER_GPU': 12,
           'BEGIN_EPOCH': 0,
           'CHECKPOINT': '',
           'END_EPOCH': 100,
           'GAMMA1': 0.99,
           'GAMMA2': 0.0,
           'LR': 0.05,
           'LR_FACTOR': 0.1,
           'LR_STEP': [30, 60, 90],
           'MOMENTUM': 0.9,
           'NESTEROV': True,
           'OPTIMIZER': 'sgd',
           'RESUME': True,
           'SHUFFLE': True,
           'WD': 0.0001},
 'WORKERS': 4}
2022-12-29 04:12:21,944 => init weights from normal distribution
2022-12-29 04:12:22,719 
Total Parameters: 77,469,864
----------------------------------------------------------------------------------------------------------------------------------
Total Multiply Adds (For Convolution and Linear Layers only): 16.09138774871826 GFLOPs
----------------------------------------------------------------------------------------------------------------------------------
Number of Layers
Conv2d : 325 layers   BatchNorm2d : 325 layers   ReLU : 284 layers   Bottleneck : 8 layers   BasicBlock : 104 layers   Upsample : 31 layers   HighResolutionModule : 8 layers   Linear : 1 layers   
2022-12-29 04:12:40,953 Epoch: [0][0/13]	Time 16.563s (16.563s)	Speed 0.7 samples/s	Data 7.497s (7.497s)	Loss 6.86372 (6.86372)	Accuracy@1 0.000 (0.000)	Accuracy@5 0.000 (0.000)	
2022-12-29 04:13:10,595 Test: Time 2.852	Loss 100135.1862	Error@1 72.222	Error@5 22.222	Accuracy@1 27.778	Accuracy@5 77.778	
2022-12-29 04:13:10,597 => saving checkpoint to output\imagenet\cls_hrnet_w48_sgd_lr5e-2_wd1e-4_bs32_x100
2022-12-29 04:13:20,730 Epoch: [1][0/13]	Time 8.623s (8.623s)	Speed 1.4 samples/s	Data 6.711s (6.711s)	Loss 1.56770 (1.56770)	Accuracy@1 41.667 (41.667)	Accuracy@5 100.000 (100.000)	
2022-12-29 04:13:46,519 Test: Time 2.239	Loss 5.9676	Error@1 66.667	Error@5 0.000	Accuracy@1 33.333	Accuracy@5 100.000	
2022-12-29 04:13:46,528 => saving checkpoint to output\imagenet\cls_hrnet_w48_sgd_lr5e-2_wd1e-4_bs32_x100
2022-12-29 04:13:57,462 Epoch: [2][0/13]	Time 9.405s (9.405s)	Speed 1.3 samples/s	Data 7.519s (7.519s)	Loss 0.81984 (0.81984)	Accuracy@1 75.000 (75.000)	Accuracy@5 100.000 (100.000)	
2022-12-29 04:14:23,566 Test: Time 2.407	Loss 46.3446	Error@1 50.000	Error@5 0.000	Accuracy@1 50.000	Accuracy@5 100.000	
2022-12-29 04:14:23,567 => saving checkpoint to output\imagenet\cls_hrnet_w48_sgd_lr5e-2_wd1e-4_bs32_x100
2022-12-29 04:14:34,456 Epoch: [3][0/13]	Time 9.370s (9.370s)	Speed 1.3 samples/s	Data 7.518s (7.518s)	Loss 0.95649 (0.95649)	Accuracy@1 58.333 (58.333)	Accuracy@5 100.000 (100.000)	
2022-12-29 04:14:59,896 Test: Time 2.137	Loss 1.9786	Error@1 44.444	Error@5 0.000	Accuracy@1 55.556	Accuracy@5 100.000	
2022-12-29 04:14:59,897 => saving checkpoint to output\imagenet\cls_hrnet_w48_sgd_lr5e-2_wd1e-4_bs32_x100
2022-12-29 04:15:10,371 Epoch: [4][0/13]	Time 9.010s (9.010s)	Speed 1.3 samples/s	Data 7.068s (7.068s)	Loss 1.13685 (1.13685)	Accuracy@1 25.000 (25.000)	Accuracy@5 100.000 (100.000)	
2022-12-29 04:15:35,959 Test: Time 2.122	Loss 2.5517	Error@1 55.556	Error@5 0.000	Accuracy@1 44.444	Accuracy@5 100.000	
2022-12-29 04:15:35,961 => saving checkpoint to output\imagenet\cls_hrnet_w48_sgd_lr5e-2_wd1e-4_bs32_x100
2022-12-29 04:15:46,049 Epoch: [5][0/13]	Time 9.116s (9.116s)	Speed 1.3 samples/s	Data 7.226s (7.226s)	Loss 1.11975 (1.11975)	Accuracy@1 50.000 (50.000)	Accuracy@5 100.000 (100.000)	
2022-12-29 04:16:11,762 Test: Time 2.087	Loss 1.0416	Error@1 44.444	Error@5 0.000	Accuracy@1 55.556	Accuracy@5 100.000	
2022-12-29 04:16:11,764 => saving checkpoint to output\imagenet\cls_hrnet_w48_sgd_lr5e-2_wd1e-4_bs32_x100
2022-12-29 04:16:22,208 Epoch: [6][0/13]	Time 9.373s (9.373s)	Speed 1.3 samples/s	Data 7.414s (7.414s)	Loss 0.83286 (0.83286)	Accuracy@1 66.667 (66.667)	Accuracy@5 100.000 (100.000)	
2022-12-29 04:16:47,635 Test: Time 2.040	Loss 0.9747	Error@1 38.889	Error@5 0.000	Accuracy@1 61.111	Accuracy@5 100.000	
2022-12-29 04:16:47,636 => saving checkpoint to output\imagenet\cls_hrnet_w48_sgd_lr5e-2_wd1e-4_bs32_x100
2022-12-29 04:16:58,421 Epoch: [7][0/13]	Time 9.252s (9.252s)	Speed 1.3 samples/s	Data 7.327s (7.327s)	Loss 0.69395 (0.69395)	Accuracy@1 75.000 (75.000)	Accuracy@5 100.000 (100.000)	
2022-12-29 04:17:24,110 Test: Time 2.154	Loss 1.0033	Error@1 44.444	Error@5 0.000	Accuracy@1 55.556	Accuracy@5 100.000	
2022-12-29 04:17:24,112 => saving checkpoint to output\imagenet\cls_hrnet_w48_sgd_lr5e-2_wd1e-4_bs32_x100
2022-12-29 04:17:34,491 Epoch: [8][0/13]	Time 9.266s (9.266s)	Speed 1.3 samples/s	Data 7.356s (7.356s)	Loss 0.86865 (0.86865)	Accuracy@1 50.000 (50.000)	Accuracy@5 100.000 (100.000)	
2022-12-29 04:18:01,208 Test: Time 2.414	Loss 30.0289	Error@1 61.111	Error@5 0.000	Accuracy@1 38.889	Accuracy@5 100.000	
2022-12-29 04:18:01,210 => saving checkpoint to output\imagenet\cls_hrnet_w48_sgd_lr5e-2_wd1e-4_bs32_x100
2022-12-29 04:18:11,826 Epoch: [9][0/13]	Time 9.593s (9.593s)	Speed 1.3 samples/s	Data 7.726s (7.726s)	Loss 1.52086 (1.52086)	Accuracy@1 41.667 (41.667)	Accuracy@5 100.000 (100.000)	
2022-12-29 04:18:38,119 Test: Time 2.304	Loss 6.7150	Error@1 33.333	Error@5 0.000	Accuracy@1 66.667	Accuracy@5 100.000	
2022-12-29 04:18:38,121 => saving checkpoint to output\imagenet\cls_hrnet_w48_sgd_lr5e-2_wd1e-4_bs32_x100
2022-12-29 04:18:48,614 Epoch: [10][0/13]	Time 8.933s (8.933s)	Speed 1.3 samples/s	Data 7.001s (7.001s)	Loss 0.54921 (0.54921)	Accuracy@1 75.000 (75.000)	Accuracy@5 100.000 (100.000)	
2022-12-29 04:19:15,719 Test: Time 2.631	Loss 8.0618	Error@1 44.444	Error@5 0.000	Accuracy@1 55.556	Accuracy@5 100.000	
2022-12-29 04:19:15,721 => saving checkpoint to output\imagenet\cls_hrnet_w48_sgd_lr5e-2_wd1e-4_bs32_x100
2022-12-29 04:19:27,031 Epoch: [11][0/13]	Time 10.270s (10.270s)	Speed 1.2 samples/s	Data 8.275s (8.275s)	Loss 1.21028 (1.21028)	Accuracy@1 33.333 (33.333)	Accuracy@5 100.000 (100.000)	
2022-12-29 04:19:52,965 Test: Time 2.049	Loss 11.0581	Error@1 22.222	Error@5 0.000	Accuracy@1 77.778	Accuracy@5 100.000	
2022-12-29 04:19:52,967 => saving checkpoint to output\imagenet\cls_hrnet_w48_sgd_lr5e-2_wd1e-4_bs32_x100
2022-12-29 04:20:03,582 Epoch: [12][0/13]	Time 9.006s (9.006s)	Speed 1.3 samples/s	Data 7.024s (7.024s)	Loss 1.21762 (1.21762)	Accuracy@1 66.667 (66.667)	Accuracy@5 100.000 (100.000)	
2022-12-29 04:20:29,722 Test: Time 2.092	Loss 5.6461	Error@1 38.889	Error@5 0.000	Accuracy@1 61.111	Accuracy@5 100.000	
2022-12-29 04:20:29,723 => saving checkpoint to output\imagenet\cls_hrnet_w48_sgd_lr5e-2_wd1e-4_bs32_x100
2022-12-29 04:20:42,254 Epoch: [13][0/13]	Time 11.476s (11.476s)	Speed 1.0 samples/s	Data 9.553s (9.553s)	Loss 0.78072 (0.78072)	Accuracy@1 58.333 (58.333)	Accuracy@5 100.000 (100.000)	
2022-12-29 04:21:09,201 Test: Time 2.505	Loss 0.8034	Error@1 27.778	Error@5 0.000	Accuracy@1 72.222	Accuracy@5 100.000	
2022-12-29 04:21:09,201 => saving checkpoint to output\imagenet\cls_hrnet_w48_sgd_lr5e-2_wd1e-4_bs32_x100
2022-12-29 04:21:19,447 Epoch: [14][0/13]	Time 9.221s (9.221s)	Speed 1.3 samples/s	Data 7.299s (7.299s)	Loss 1.03387 (1.03387)	Accuracy@1 58.333 (58.333)	Accuracy@5 100.000 (100.000)	
2022-12-29 04:21:45,718 Test: Time 2.263	Loss 1.4320	Error@1 44.444	Error@5 0.000	Accuracy@1 55.556	Accuracy@5 100.000	
2022-12-29 04:21:45,720 => saving checkpoint to output\imagenet\cls_hrnet_w48_sgd_lr5e-2_wd1e-4_bs32_x100
2022-12-29 04:21:55,607 Epoch: [15][0/13]	Time 8.882s (8.882s)	Speed 1.4 samples/s	Data 6.991s (6.991s)	Loss 1.29216 (1.29216)	Accuracy@1 58.333 (58.333)	Accuracy@5 100.000 (100.000)	
2022-12-29 04:22:21,186 Test: Time 2.080	Loss 5.5322	Error@1 33.333	Error@5 0.000	Accuracy@1 66.667	Accuracy@5 100.000	
2022-12-29 04:22:21,188 => saving checkpoint to output\imagenet\cls_hrnet_w48_sgd_lr5e-2_wd1e-4_bs32_x100
2022-12-29 04:22:31,368 Epoch: [16][0/13]	Time 9.176s (9.176s)	Speed 1.3 samples/s	Data 7.293s (7.293s)	Loss 0.68160 (0.68160)	Accuracy@1 66.667 (66.667)	Accuracy@5 100.000 (100.000)	
2022-12-29 04:22:56,682 Test: Time 1.959	Loss 4.1573	Error@1 27.778	Error@5 0.000	Accuracy@1 72.222	Accuracy@5 100.000	
2022-12-29 04:22:56,695 => saving checkpoint to output\imagenet\cls_hrnet_w48_sgd_lr5e-2_wd1e-4_bs32_x100
2022-12-29 04:23:06,035 Epoch: [17][0/13]	Time 8.364s (8.364s)	Speed 1.4 samples/s	Data 6.452s (6.452s)	Loss 0.48747 (0.48747)	Accuracy@1 83.333 (83.333)	Accuracy@5 100.000 (100.000)	
2022-12-29 04:23:31,839 Test: Time 2.019	Loss 1.7437	Error@1 33.333	Error@5 0.000	Accuracy@1 66.667	Accuracy@5 100.000	
2022-12-29 04:23:31,846 => saving checkpoint to output\imagenet\cls_hrnet_w48_sgd_lr5e-2_wd1e-4_bs32_x100
2022-12-29 04:23:41,361 Epoch: [18][0/13]	Time 8.546s (8.546s)	Speed 1.4 samples/s	Data 6.553s (6.553s)	Loss 0.74075 (0.74075)	Accuracy@1 66.667 (66.667)	Accuracy@5 100.000 (100.000)	
2022-12-29 04:24:07,208 Test: Time 2.070	Loss 8.4606	Error@1 27.778	Error@5 0.000	Accuracy@1 72.222	Accuracy@5 100.000	
2022-12-29 04:24:07,210 => saving checkpoint to output\imagenet\cls_hrnet_w48_sgd_lr5e-2_wd1e-4_bs32_x100
2022-12-29 04:24:16,964 Epoch: [19][0/13]	Time 8.805s (8.805s)	Speed 1.4 samples/s	Data 6.857s (6.857s)	Loss 1.91986 (1.91986)	Accuracy@1 41.667 (41.667)	Accuracy@5 100.000 (100.000)	
2022-12-29 04:24:42,622 Test: Time 2.031	Loss 7.1362	Error@1 27.778	Error@5 0.000	Accuracy@1 72.222	Accuracy@5 100.000	
2022-12-29 04:24:42,628 => saving checkpoint to output\imagenet\cls_hrnet_w48_sgd_lr5e-2_wd1e-4_bs32_x100
2022-12-29 04:24:52,163 Epoch: [20][0/13]	Time 8.507s (8.507s)	Speed 1.4 samples/s	Data 6.563s (6.563s)	Loss 0.73368 (0.73368)	Accuracy@1 58.333 (58.333)	Accuracy@5 100.000 (100.000)	
2022-12-29 04:25:17,995 Test: Time 2.055	Loss 17.1900	Error@1 22.222	Error@5 0.000	Accuracy@1 77.778	Accuracy@5 100.000	
2022-12-29 04:25:18,000 => saving checkpoint to output\imagenet\cls_hrnet_w48_sgd_lr5e-2_wd1e-4_bs32_x100
2022-12-29 04:25:27,540 Epoch: [21][0/13]	Time 8.549s (8.549s)	Speed 1.4 samples/s	Data 6.632s (6.632s)	Loss 0.88599 (0.88599)	Accuracy@1 58.333 (58.333)	Accuracy@5 100.000 (100.000)	
2022-12-29 04:25:53,221 Test: Time 1.984	Loss 15.0183	Error@1 38.889	Error@5 0.000	Accuracy@1 61.111	Accuracy@5 100.000	
2022-12-29 04:25:53,229 => saving checkpoint to output\imagenet\cls_hrnet_w48_sgd_lr5e-2_wd1e-4_bs32_x100
2022-12-29 04:26:02,699 Epoch: [22][0/13]	Time 8.469s (8.469s)	Speed 1.4 samples/s	Data 6.506s (6.506s)	Loss 0.56246 (0.56246)	Accuracy@1 75.000 (75.000)	Accuracy@5 100.000 (100.000)	
2022-12-29 04:26:28,540 Test: Time 2.060	Loss 1.7001	Error@1 38.889	Error@5 0.000	Accuracy@1 61.111	Accuracy@5 100.000	
2022-12-29 04:26:28,555 => saving checkpoint to output\imagenet\cls_hrnet_w48_sgd_lr5e-2_wd1e-4_bs32_x100
2022-12-29 04:26:38,181 Epoch: [23][0/13]	Time 8.655s (8.655s)	Speed 1.4 samples/s	Data 6.736s (6.736s)	Loss 0.44221 (0.44221)	Accuracy@1 91.667 (91.667)	Accuracy@5 100.000 (100.000)	
2022-12-29 04:27:03,864 Test: Time 1.957	Loss 6.7950	Error@1 38.889	Error@5 0.000	Accuracy@1 61.111	Accuracy@5 100.000	
2022-12-29 04:27:03,869 => saving checkpoint to output\imagenet\cls_hrnet_w48_sgd_lr5e-2_wd1e-4_bs32_x100
2022-12-29 04:27:13,461 Epoch: [24][0/13]	Time 8.560s (8.560s)	Speed 1.4 samples/s	Data 6.589s (6.589s)	Loss 0.58225 (0.58225)	Accuracy@1 75.000 (75.000)	Accuracy@5 100.000 (100.000)	
2022-12-29 04:27:39,180 Test: Time 1.991	Loss 9.5570	Error@1 44.444	Error@5 0.000	Accuracy@1 55.556	Accuracy@5 100.000	
2022-12-29 04:27:39,194 => saving checkpoint to output\imagenet\cls_hrnet_w48_sgd_lr5e-2_wd1e-4_bs32_x100
2022-12-29 04:27:48,503 Epoch: [25][0/13]	Time 8.406s (8.406s)	Speed 1.4 samples/s	Data 6.410s (6.410s)	Loss 0.75256 (0.75256)	Accuracy@1 75.000 (75.000)	Accuracy@5 100.000 (100.000)	
2022-12-29 04:28:14,331 Test: Time 2.006	Loss 4.9771	Error@1 38.889	Error@5 0.000	Accuracy@1 61.111	Accuracy@5 100.000	
2022-12-29 04:28:14,348 => saving checkpoint to output\imagenet\cls_hrnet_w48_sgd_lr5e-2_wd1e-4_bs32_x100
2022-12-29 04:28:23,899 Epoch: [26][0/13]	Time 8.610s (8.610s)	Speed 1.4 samples/s	Data 6.614s (6.614s)	Loss 0.54313 (0.54313)	Accuracy@1 75.000 (75.000)	Accuracy@5 100.000 (100.000)	
2022-12-29 04:28:49,886 Test: Time 2.058	Loss 1.9336	Error@1 38.889	Error@5 0.000	Accuracy@1 61.111	Accuracy@5 100.000	
2022-12-29 04:28:49,888 => saving checkpoint to output\imagenet\cls_hrnet_w48_sgd_lr5e-2_wd1e-4_bs32_x100
2022-12-29 04:28:59,344 Epoch: [27][0/13]	Time 8.496s (8.496s)	Speed 1.4 samples/s	Data 6.551s (6.551s)	Loss 0.63933 (0.63933)	Accuracy@1 75.000 (75.000)	Accuracy@5 100.000 (100.000)	
2022-12-29 04:29:25,185 Test: Time 1.997	Loss 1.7100	Error@1 33.333	Error@5 0.000	Accuracy@1 66.667	Accuracy@5 100.000	
2022-12-29 04:29:25,186 => saving checkpoint to output\imagenet\cls_hrnet_w48_sgd_lr5e-2_wd1e-4_bs32_x100
2022-12-29 04:29:34,402 Epoch: [28][0/13]	Time 8.271s (8.271s)	Speed 1.5 samples/s	Data 6.293s (6.293s)	Loss 0.51149 (0.51149)	Accuracy@1 91.667 (91.667)	Accuracy@5 100.000 (100.000)	
2022-12-29 04:30:00,336 Test: Time 1.965	Loss 1.7403	Error@1 27.778	Error@5 0.000	Accuracy@1 72.222	Accuracy@5 100.000	
2022-12-29 04:30:00,348 => saving checkpoint to output\imagenet\cls_hrnet_w48_sgd_lr5e-2_wd1e-4_bs32_x100
2022-12-29 04:30:09,778 Epoch: [29][0/13]	Time 8.486s (8.486s)	Speed 1.4 samples/s	Data 6.553s (6.553s)	Loss 0.50031 (0.50031)	Accuracy@1 75.000 (75.000)	Accuracy@5 100.000 (100.000)	
2022-12-29 04:30:35,703 Test: Time 2.012	Loss 1.9958	Error@1 16.667	Error@5 0.000	Accuracy@1 83.333	Accuracy@5 100.000	
2022-12-29 04:30:35,716 => saving checkpoint to output\imagenet\cls_hrnet_w48_sgd_lr5e-2_wd1e-4_bs32_x100
2022-12-29 04:30:45,743 Epoch: [30][0/13]	Time 8.610s (8.610s)	Speed 1.4 samples/s	Data 6.641s (6.641s)	Loss 0.84264 (0.84264)	Accuracy@1 66.667 (66.667)	Accuracy@5 100.000 (100.000)	
2022-12-29 04:31:11,728 Test: Time 1.992	Loss 1.9690	Error@1 22.222	Error@5 0.000	Accuracy@1 77.778	Accuracy@5 100.000	
2022-12-29 04:31:11,735 => saving checkpoint to output\imagenet\cls_hrnet_w48_sgd_lr5e-2_wd1e-4_bs32_x100
2022-12-29 04:31:21,248 Epoch: [31][0/13]	Time 8.554s (8.554s)	Speed 1.4 samples/s	Data 6.567s (6.567s)	Loss 0.46074 (0.46074)	Accuracy@1 83.333 (83.333)	Accuracy@5 100.000 (100.000)	
2022-12-29 04:31:47,181 Test: Time 1.955	Loss 1.9578	Error@1 33.333	Error@5 0.000	Accuracy@1 66.667	Accuracy@5 100.000	
2022-12-29 04:31:47,183 => saving checkpoint to output\imagenet\cls_hrnet_w48_sgd_lr5e-2_wd1e-4_bs32_x100
2022-12-29 04:31:56,943 Epoch: [32][0/13]	Time 8.776s (8.776s)	Speed 1.4 samples/s	Data 6.826s (6.826s)	Loss 0.79596 (0.79596)	Accuracy@1 50.000 (50.000)	Accuracy@5 100.000 (100.000)	
2022-12-29 04:32:22,579 Test: Time 1.874	Loss 1.6535	Error@1 16.667	Error@5 0.000	Accuracy@1 83.333	Accuracy@5 100.000	
2022-12-29 04:32:22,589 => saving checkpoint to output\imagenet\cls_hrnet_w48_sgd_lr5e-2_wd1e-4_bs32_x100
2022-12-29 04:32:32,061 Epoch: [33][0/13]	Time 8.517s (8.517s)	Speed 1.4 samples/s	Data 6.578s (6.578s)	Loss 0.66496 (0.66496)	Accuracy@1 83.333 (83.333)	Accuracy@5 100.000 (100.000)	
2022-12-29 04:32:58,119 Test: Time 2.022	Loss 1.5975	Error@1 22.222	Error@5 0.000	Accuracy@1 77.778	Accuracy@5 100.000	
2022-12-29 04:32:58,121 => saving checkpoint to output\imagenet\cls_hrnet_w48_sgd_lr5e-2_wd1e-4_bs32_x100
2022-12-29 04:33:07,575 Epoch: [34][0/13]	Time 8.528s (8.528s)	Speed 1.4 samples/s	Data 6.549s (6.549s)	Loss 0.73585 (0.73585)	Accuracy@1 75.000 (75.000)	Accuracy@5 100.000 (100.000)	
2022-12-29 04:33:33,634 Test: Time 2.011	Loss 1.8296	Error@1 27.778	Error@5 0.000	Accuracy@1 72.222	Accuracy@5 100.000	
2022-12-29 04:33:33,636 => saving checkpoint to output\imagenet\cls_hrnet_w48_sgd_lr5e-2_wd1e-4_bs32_x100
2022-12-29 04:33:43,274 Epoch: [35][0/13]	Time 8.679s (8.679s)	Speed 1.4 samples/s	Data 6.728s (6.728s)	Loss 0.61476 (0.61476)	Accuracy@1 75.000 (75.000)	Accuracy@5 100.000 (100.000)	
2022-12-29 04:34:09,298 Test: Time 2.019	Loss 1.9862	Error@1 16.667	Error@5 0.000	Accuracy@1 83.333	Accuracy@5 100.000	
2022-12-29 04:34:09,299 => saving checkpoint to output\imagenet\cls_hrnet_w48_sgd_lr5e-2_wd1e-4_bs32_x100
2022-12-29 04:34:18,847 Epoch: [36][0/13]	Time 8.588s (8.588s)	Speed 1.4 samples/s	Data 6.562s (6.562s)	Loss 0.79109 (0.79109)	Accuracy@1 50.000 (50.000)	Accuracy@5 100.000 (100.000)	
2022-12-29 04:34:44,761 Test: Time 1.980	Loss 2.0006	Error@1 27.778	Error@5 0.000	Accuracy@1 72.222	Accuracy@5 100.000	
2022-12-29 04:34:44,762 => saving checkpoint to output\imagenet\cls_hrnet_w48_sgd_lr5e-2_wd1e-4_bs32_x100
2022-12-29 04:34:54,259 Epoch: [37][0/13]	Time 8.536s (8.536s)	Speed 1.4 samples/s	Data 6.572s (6.572s)	Loss 0.14612 (0.14612)	Accuracy@1 100.000 (100.000)	Accuracy@5 100.000 (100.000)	
2022-12-29 04:35:20,293 Test: Time 2.006	Loss 1.7923	Error@1 22.222	Error@5 0.000	Accuracy@1 77.778	Accuracy@5 100.000	
2022-12-29 04:35:20,294 => saving checkpoint to output\imagenet\cls_hrnet_w48_sgd_lr5e-2_wd1e-4_bs32_x100
2022-12-29 04:35:29,699 Epoch: [38][0/13]	Time 8.472s (8.472s)	Speed 1.4 samples/s	Data 6.537s (6.537s)	Loss 0.50127 (0.50127)	Accuracy@1 83.333 (83.333)	Accuracy@5 100.000 (100.000)	
2022-12-29 04:35:55,726 Test: Time 2.006	Loss 1.5299	Error@1 16.667	Error@5 0.000	Accuracy@1 83.333	Accuracy@5 100.000	
2022-12-29 04:35:55,727 => saving checkpoint to output\imagenet\cls_hrnet_w48_sgd_lr5e-2_wd1e-4_bs32_x100
2022-12-29 04:36:05,076 Epoch: [39][0/13]	Time 8.372s (8.372s)	Speed 1.4 samples/s	Data 6.434s (6.434s)	Loss 0.68995 (0.68995)	Accuracy@1 75.000 (75.000)	Accuracy@5 100.000 (100.000)	
2022-12-29 04:36:31,247 Test: Time 2.089	Loss 1.4459	Error@1 22.222	Error@5 0.000	Accuracy@1 77.778	Accuracy@5 100.000	
2022-12-29 04:36:31,248 => saving checkpoint to output\imagenet\cls_hrnet_w48_sgd_lr5e-2_wd1e-4_bs32_x100
2022-12-29 04:36:40,919 Epoch: [40][0/13]	Time 8.620s (8.620s)	Speed 1.4 samples/s	Data 6.634s (6.634s)	Loss 0.57319 (0.57319)	Accuracy@1 83.333 (83.333)	Accuracy@5 100.000 (100.000)	
2022-12-29 04:37:06,926 Test: Time 1.960	Loss 1.8490	Error@1 22.222	Error@5 0.000	Accuracy@1 77.778	Accuracy@5 100.000	
2022-12-29 04:37:06,928 => saving checkpoint to output\imagenet\cls_hrnet_w48_sgd_lr5e-2_wd1e-4_bs32_x100
2022-12-29 04:37:16,464 Epoch: [41][0/13]	Time 8.564s (8.564s)	Speed 1.4 samples/s	Data 6.550s (6.550s)	Loss 0.32285 (0.32285)	Accuracy@1 91.667 (91.667)	Accuracy@5 100.000 (100.000)	
2022-12-29 04:37:42,571 Test: Time 1.987	Loss 1.7931	Error@1 16.667	Error@5 0.000	Accuracy@1 83.333	Accuracy@5 100.000	
2022-12-29 04:37:42,572 => saving checkpoint to output\imagenet\cls_hrnet_w48_sgd_lr5e-2_wd1e-4_bs32_x100
2022-12-29 04:37:51,903 Epoch: [42][0/13]	Time 8.322s (8.322s)	Speed 1.4 samples/s	Data 6.355s (6.355s)	Loss 0.66716 (0.66716)	Accuracy@1 66.667 (66.667)	Accuracy@5 100.000 (100.000)	
2022-12-29 08:04:43,498 Test: Time 2.399	Loss 1.6530	Error@1 27.778	Error@5 0.000	Accuracy@1 72.222	Accuracy@5 100.000	
2022-12-29 08:04:43,500 => saving checkpoint to output\imagenet\cls_hrnet_w48_sgd_lr5e-2_wd1e-4_bs32_x100
2022-12-29 08:04:54,753 Epoch: [43][0/13]	Time 10.248s (10.248s)	Speed 1.2 samples/s	Data 8.385s (8.385s)	Loss 0.58434 (0.58434)	Accuracy@1 75.000 (75.000)	Accuracy@5 100.000 (100.000)	
2022-12-29 08:05:20,311 Test: Time 2.574	Loss 2.0143	Error@1 27.778	Error@5 0.000	Accuracy@1 72.222	Accuracy@5 100.000	
2022-12-29 08:05:20,312 => saving checkpoint to output\imagenet\cls_hrnet_w48_sgd_lr5e-2_wd1e-4_bs32_x100
2022-12-29 08:05:31,209 Epoch: [44][0/13]	Time 9.931s (9.931s)	Speed 1.2 samples/s	Data 8.124s (8.124s)	Loss 0.26217 (0.26217)	Accuracy@1 91.667 (91.667)	Accuracy@5 100.000 (100.000)	
2022-12-29 08:05:56,909 Test: Time 2.489	Loss 1.5055	Error@1 16.667	Error@5 0.000	Accuracy@1 83.333	Accuracy@5 100.000	
2022-12-29 08:05:56,911 => saving checkpoint to output\imagenet\cls_hrnet_w48_sgd_lr5e-2_wd1e-4_bs32_x100
2022-12-29 08:06:06,656 Epoch: [45][0/13]	Time 8.821s (8.821s)	Speed 1.4 samples/s	Data 6.939s (6.939s)	Loss 0.86147 (0.86147)	Accuracy@1 50.000 (50.000)	Accuracy@5 100.000 (100.000)	
2022-12-29 08:06:33,540 Test: Time 2.861	Loss 1.4795	Error@1 16.667	Error@5 0.000	Accuracy@1 83.333	Accuracy@5 100.000	
2022-12-29 08:06:33,542 => saving checkpoint to output\imagenet\cls_hrnet_w48_sgd_lr5e-2_wd1e-4_bs32_x100
2022-12-29 08:06:43,721 Epoch: [46][0/13]	Time 9.205s (9.205s)	Speed 1.3 samples/s	Data 7.296s (7.296s)	Loss 0.31966 (0.31966)	Accuracy@1 83.333 (83.333)	Accuracy@5 100.000 (100.000)	
2022-12-29 08:07:09,533 Test: Time 2.285	Loss 1.7065	Error@1 22.222	Error@5 0.000	Accuracy@1 77.778	Accuracy@5 100.000	
2022-12-29 08:07:09,534 => saving checkpoint to output\imagenet\cls_hrnet_w48_sgd_lr5e-2_wd1e-4_bs32_x100
2022-12-29 08:07:20,001 Epoch: [47][0/13]	Time 9.347s (9.347s)	Speed 1.3 samples/s	Data 7.458s (7.458s)	Loss 0.47082 (0.47082)	Accuracy@1 83.333 (83.333)	Accuracy@5 100.000 (100.000)	
2022-12-29 08:07:45,958 Test: Time 2.228	Loss 1.6079	Error@1 22.222	Error@5 0.000	Accuracy@1 77.778	Accuracy@5 100.000	
2022-12-29 08:07:45,960 => saving checkpoint to output\imagenet\cls_hrnet_w48_sgd_lr5e-2_wd1e-4_bs32_x100
2022-12-29 08:07:56,013 Epoch: [48][0/13]	Time 9.042s (9.042s)	Speed 1.3 samples/s	Data 7.113s (7.113s)	Loss 0.79459 (0.79459)	Accuracy@1 75.000 (75.000)	Accuracy@5 100.000 (100.000)	
2022-12-29 08:08:21,707 Test: Time 2.209	Loss 1.4694	Error@1 11.111	Error@5 0.000	Accuracy@1 88.889	Accuracy@5 100.000	
2022-12-29 08:08:21,709 => saving checkpoint to output\imagenet\cls_hrnet_w48_sgd_lr5e-2_wd1e-4_bs32_x100
2022-12-29 08:08:31,851 Epoch: [49][0/13]	Time 8.666s (8.666s)	Speed 1.4 samples/s	Data 6.918s (6.918s)	Loss 0.61505 (0.61505)	Accuracy@1 75.000 (75.000)	Accuracy@5 100.000 (100.000)	
2022-12-29 08:08:57,243 Test: Time 2.037	Loss 1.3463	Error@1 11.111	Error@5 0.000	Accuracy@1 88.889	Accuracy@5 100.000	
2022-12-29 08:08:57,244 => saving checkpoint to output\imagenet\cls_hrnet_w48_sgd_lr5e-2_wd1e-4_bs32_x100
2022-12-29 08:09:06,932 Epoch: [50][0/13]	Time 8.739s (8.739s)	Speed 1.4 samples/s	Data 6.804s (6.804s)	Loss 0.64771 (0.64771)	Accuracy@1 66.667 (66.667)	Accuracy@5 100.000 (100.000)	
2022-12-29 08:09:32,437 Test: Time 2.097	Loss 1.4369	Error@1 16.667	Error@5 0.000	Accuracy@1 83.333	Accuracy@5 100.000	
2022-12-29 08:09:32,437 => saving checkpoint to output\imagenet\cls_hrnet_w48_sgd_lr5e-2_wd1e-4_bs32_x100
2022-12-29 08:09:43,195 Epoch: [51][0/13]	Time 9.753s (9.753s)	Speed 1.2 samples/s	Data 7.830s (7.830s)	Loss 0.31683 (0.31683)	Accuracy@1 91.667 (91.667)	Accuracy@5 100.000 (100.000)	
2022-12-29 08:10:09,047 Test: Time 2.226	Loss 1.2605	Error@1 16.667	Error@5 0.000	Accuracy@1 83.333	Accuracy@5 100.000	
2022-12-29 08:10:09,048 => saving checkpoint to output\imagenet\cls_hrnet_w48_sgd_lr5e-2_wd1e-4_bs32_x100
2022-12-29 08:10:19,222 Epoch: [52][0/13]	Time 9.183s (9.183s)	Speed 1.3 samples/s	Data 7.253s (7.253s)	Loss 1.17256 (1.17256)	Accuracy@1 58.333 (58.333)	Accuracy@5 100.000 (100.000)	
2022-12-29 08:10:47,487 Test: Time 3.037	Loss 1.2154	Error@1 16.667	Error@5 0.000	Accuracy@1 83.333	Accuracy@5 100.000	
2022-12-29 08:10:47,495 => saving checkpoint to output\imagenet\cls_hrnet_w48_sgd_lr5e-2_wd1e-4_bs32_x100
2022-12-29 08:11:02,485 Epoch: [53][0/13]	Time 13.598s (13.598s)	Speed 0.9 samples/s	Data 10.748s (10.748s)	Loss 0.36887 (0.36887)	Accuracy@1 100.000 (100.000)	Accuracy@5 100.000 (100.000)	
2022-12-29 08:11:30,363 Test: Time 2.967	Loss 1.4920	Error@1 11.111	Error@5 0.000	Accuracy@1 88.889	Accuracy@5 100.000	
2022-12-29 08:11:30,363 => saving checkpoint to output\imagenet\cls_hrnet_w48_sgd_lr5e-2_wd1e-4_bs32_x100
2022-12-29 08:11:44,282 Epoch: [54][0/13]	Time 12.495s (12.495s)	Speed 1.0 samples/s	Data 10.121s (10.121s)	Loss 1.14282 (1.14282)	Accuracy@1 50.000 (50.000)	Accuracy@5 100.000 (100.000)	
2022-12-29 08:12:12,024 Test: Time 3.017	Loss 1.3288	Error@1 11.111	Error@5 0.000	Accuracy@1 88.889	Accuracy@5 100.000	
2022-12-29 08:12:12,024 => saving checkpoint to output\imagenet\cls_hrnet_w48_sgd_lr5e-2_wd1e-4_bs32_x100
2022-12-29 08:12:26,641 Epoch: [55][0/13]	Time 13.256s (13.256s)	Speed 0.9 samples/s	Data 10.384s (10.384s)	Loss 0.64675 (0.64675)	Accuracy@1 75.000 (75.000)	Accuracy@5 100.000 (100.000)	
2022-12-29 08:12:54,769 Test: Time 3.154	Loss 1.4988	Error@1 11.111	Error@5 0.000	Accuracy@1 88.889	Accuracy@5 100.000	
2022-12-29 08:12:54,773 => saving checkpoint to output\imagenet\cls_hrnet_w48_sgd_lr5e-2_wd1e-4_bs32_x100
2022-12-29 08:13:08,705 Epoch: [56][0/13]	Time 12.568s (12.568s)	Speed 1.0 samples/s	Data 10.170s (10.170s)	Loss 0.84797 (0.84797)	Accuracy@1 50.000 (50.000)	Accuracy@5 100.000 (100.000)	
2022-12-29 08:13:36,497 Test: Time 3.038	Loss 1.3884	Error@1 16.667	Error@5 0.000	Accuracy@1 83.333	Accuracy@5 100.000	
2022-12-29 08:13:36,505 => saving checkpoint to output\imagenet\cls_hrnet_w48_sgd_lr5e-2_wd1e-4_bs32_x100
2022-12-29 08:13:49,844 Epoch: [57][0/13]	Time 12.004s (12.004s)	Speed 1.0 samples/s	Data 10.039s (10.039s)	Loss 0.94184 (0.94184)	Accuracy@1 75.000 (75.000)	Accuracy@5 100.000 (100.000)	
2022-12-29 08:14:17,499 Test: Time 2.958	Loss 1.5563	Error@1 16.667	Error@5 0.000	Accuracy@1 83.333	Accuracy@5 100.000	
2022-12-29 08:14:17,499 => saving checkpoint to output\imagenet\cls_hrnet_w48_sgd_lr5e-2_wd1e-4_bs32_x100
2022-12-29 08:14:31,435 Epoch: [58][0/13]	Time 12.586s (12.586s)	Speed 1.0 samples/s	Data 10.142s (10.142s)	Loss 0.84679 (0.84679)	Accuracy@1 66.667 (66.667)	Accuracy@5 100.000 (100.000)	
2022-12-29 08:14:59,186 Test: Time 2.982	Loss 1.0715	Error@1 11.111	Error@5 0.000	Accuracy@1 88.889	Accuracy@5 100.000	
2022-12-29 08:14:59,186 => saving checkpoint to output\imagenet\cls_hrnet_w48_sgd_lr5e-2_wd1e-4_bs32_x100
2022-12-29 08:15:13,760 Epoch: [59][0/13]	Time 13.200s (13.200s)	Speed 0.9 samples/s	Data 10.357s (10.357s)	Loss 0.36638 (0.36638)	Accuracy@1 83.333 (83.333)	Accuracy@5 100.000 (100.000)	
2022-12-29 08:15:41,269 Test: Time 2.917	Loss 1.0402	Error@1 16.667	Error@5 0.000	Accuracy@1 83.333	Accuracy@5 100.000	
2022-12-29 08:15:41,269 => saving checkpoint to output\imagenet\cls_hrnet_w48_sgd_lr5e-2_wd1e-4_bs32_x100
2022-12-29 08:15:55,984 Epoch: [60][0/13]	Time 13.376s (13.376s)	Speed 0.9 samples/s	Data 10.545s (10.545s)	Loss 0.58581 (0.58581)	Accuracy@1 83.333 (83.333)	Accuracy@5 100.000 (100.000)	
2022-12-29 08:16:23,544 Test: Time 2.938	Loss 0.8356	Error@1 16.667	Error@5 0.000	Accuracy@1 83.333	Accuracy@5 100.000	
2022-12-29 08:16:23,552 => saving checkpoint to output\imagenet\cls_hrnet_w48_sgd_lr5e-2_wd1e-4_bs32_x100
2022-12-29 08:16:38,251 Epoch: [61][0/13]	Time 13.366s (13.366s)	Speed 0.9 samples/s	Data 10.538s (10.538s)	Loss 0.65303 (0.65303)	Accuracy@1 91.667 (91.667)	Accuracy@5 100.000 (100.000)	
2022-12-29 08:17:06,027 Test: Time 3.044	Loss 1.2107	Error@1 11.111	Error@5 0.000	Accuracy@1 88.889	Accuracy@5 100.000	
2022-12-29 08:17:06,035 => saving checkpoint to output\imagenet\cls_hrnet_w48_sgd_lr5e-2_wd1e-4_bs32_x100
2022-12-29 08:17:20,434 Epoch: [62][0/13]	Time 13.098s (13.098s)	Speed 0.9 samples/s	Data 10.229s (10.229s)	Loss 0.55766 (0.55766)	Accuracy@1 75.000 (75.000)	Accuracy@5 100.000 (100.000)	
2022-12-29 08:17:47,971 Test: Time 2.934	Loss 1.2031	Error@1 11.111	Error@5 0.000	Accuracy@1 88.889	Accuracy@5 100.000	
2022-12-29 08:17:47,986 => saving checkpoint to output\imagenet\cls_hrnet_w48_sgd_lr5e-2_wd1e-4_bs32_x100
2022-12-29 08:18:01,800 Epoch: [63][0/13]	Time 12.466s (12.466s)	Speed 1.0 samples/s	Data 10.024s (10.024s)	Loss 1.24770 (1.24770)	Accuracy@1 58.333 (58.333)	Accuracy@5 100.000 (100.000)	
2022-12-29 08:18:29,530 Test: Time 2.963	Loss 1.0595	Error@1 16.667	Error@5 0.000	Accuracy@1 83.333	Accuracy@5 100.000	
2022-12-29 08:18:29,538 => saving checkpoint to output\imagenet\cls_hrnet_w48_sgd_lr5e-2_wd1e-4_bs32_x100
2022-12-29 08:18:44,531 Epoch: [64][0/13]	Time 13.639s (13.639s)	Speed 0.9 samples/s	Data 11.795s (11.795s)	Loss 0.64037 (0.64037)	Accuracy@1 75.000 (75.000)	Accuracy@5 100.000 (100.000)	
2022-12-29 08:19:12,795 Test: Time 3.229	Loss 1.0259	Error@1 5.556	Error@5 0.000	Accuracy@1 94.444	Accuracy@5 100.000	
2022-12-29 08:19:12,795 => saving checkpoint to output\imagenet\cls_hrnet_w48_sgd_lr5e-2_wd1e-4_bs32_x100
2022-12-29 08:19:28,764 Epoch: [65][0/13]	Time 13.873s (13.873s)	Speed 0.9 samples/s	Data 11.058s (11.058s)	Loss 0.59107 (0.59107)	Accuracy@1 83.333 (83.333)	Accuracy@5 100.000 (100.000)	
2022-12-29 08:19:57,918 Test: Time 3.694	Loss 0.9919	Error@1 11.111	Error@5 0.000	Accuracy@1 88.889	Accuracy@5 100.000	
2022-12-29 08:19:57,926 => saving checkpoint to output\imagenet\cls_hrnet_w48_sgd_lr5e-2_wd1e-4_bs32_x100
2022-12-29 08:20:12,619 Epoch: [66][0/13]	Time 13.369s (13.369s)	Speed 0.9 samples/s	Data 10.541s (10.541s)	Loss 0.26151 (0.26151)	Accuracy@1 91.667 (91.667)	Accuracy@5 100.000 (100.000)	
2022-12-29 08:20:41,163 Test: Time 3.402	Loss 1.4598	Error@1 11.111	Error@5 0.000	Accuracy@1 88.889	Accuracy@5 100.000	
2022-12-29 08:20:41,172 => saving checkpoint to output\imagenet\cls_hrnet_w48_sgd_lr5e-2_wd1e-4_bs32_x100
2022-12-29 08:20:55,824 Epoch: [67][0/13]	Time 13.297s (13.297s)	Speed 0.9 samples/s	Data 10.465s (10.465s)	Loss 0.38152 (0.38152)	Accuracy@1 83.333 (83.333)	Accuracy@5 100.000 (100.000)	
2022-12-29 08:21:23,399 Test: Time 2.924	Loss 1.3466	Error@1 16.667	Error@5 0.000	Accuracy@1 83.333	Accuracy@5 100.000	
2022-12-29 08:21:23,399 => saving checkpoint to output\imagenet\cls_hrnet_w48_sgd_lr5e-2_wd1e-4_bs32_x100
2022-12-29 08:21:37,890 Epoch: [68][0/13]	Time 13.126s (13.126s)	Speed 0.9 samples/s	Data 10.277s (10.277s)	Loss 0.38580 (0.38580)	Accuracy@1 91.667 (91.667)	Accuracy@5 100.000 (100.000)	
2022-12-29 08:22:05,449 Test: Time 2.950	Loss 0.9823	Error@1 11.111	Error@5 0.000	Accuracy@1 88.889	Accuracy@5 100.000	
2022-12-29 08:22:05,464 => saving checkpoint to output\imagenet\cls_hrnet_w48_sgd_lr5e-2_wd1e-4_bs32_x100
2022-12-29 08:22:18,729 Epoch: [69][0/13]	Time 11.976s (11.976s)	Speed 1.0 samples/s	Data 9.982s (9.982s)	Loss 0.18516 (0.18516)	Accuracy@1 100.000 (100.000)	Accuracy@5 100.000 (100.000)	
2022-12-29 08:22:46,833 Test: Time 3.149	Loss 0.8256	Error@1 16.667	Error@5 0.000	Accuracy@1 83.333	Accuracy@5 100.000	
2022-12-29 08:22:46,843 => saving checkpoint to output\imagenet\cls_hrnet_w48_sgd_lr5e-2_wd1e-4_bs32_x100
2022-12-29 08:23:00,556 Epoch: [70][0/13]	Time 12.435s (12.435s)	Speed 1.0 samples/s	Data 10.151s (10.151s)	Loss 0.61672 (0.61672)	Accuracy@1 66.667 (66.667)	Accuracy@5 100.000 (100.000)	
2022-12-29 08:23:28,023 Test: Time 2.850	Loss 1.0724	Error@1 16.667	Error@5 0.000	Accuracy@1 83.333	Accuracy@5 100.000	
2022-12-29 08:23:28,023 => saving checkpoint to output\imagenet\cls_hrnet_w48_sgd_lr5e-2_wd1e-4_bs32_x100
2022-12-29 08:23:41,323 Epoch: [71][0/13]	Time 11.978s (11.978s)	Speed 1.0 samples/s	Data 10.020s (10.020s)	Loss 0.41134 (0.41134)	Accuracy@1 83.333 (83.333)	Accuracy@5 100.000 (100.000)	
2022-12-29 08:24:09,072 Test: Time 3.009	Loss 1.0117	Error@1 11.111	Error@5 0.000	Accuracy@1 88.889	Accuracy@5 100.000	
2022-12-29 08:24:09,072 => saving checkpoint to output\imagenet\cls_hrnet_w48_sgd_lr5e-2_wd1e-4_bs32_x100
2022-12-29 08:24:22,860 Epoch: [72][0/13]	Time 12.468s (12.468s)	Speed 1.0 samples/s	Data 10.146s (10.146s)	Loss 1.10603 (1.10603)	Accuracy@1 58.333 (58.333)	Accuracy@5 100.000 (100.000)	
2022-12-29 08:24:50,226 Test: Time 2.866	Loss 1.0496	Error@1 5.556	Error@5 0.000	Accuracy@1 94.444	Accuracy@5 100.000	
2022-12-29 08:24:50,226 => saving checkpoint to output\imagenet\cls_hrnet_w48_sgd_lr5e-2_wd1e-4_bs32_x100
2022-12-29 08:25:03,301 Epoch: [73][0/13]	Time 11.819s (11.819s)	Speed 1.0 samples/s	Data 9.904s (9.904s)	Loss 0.50762 (0.50762)	Accuracy@1 75.000 (75.000)	Accuracy@5 100.000 (100.000)	
2022-12-29 08:25:31,001 Test: Time 3.041	Loss 1.2090	Error@1 16.667	Error@5 0.000	Accuracy@1 83.333	Accuracy@5 100.000	
2022-12-29 08:25:31,009 => saving checkpoint to output\imagenet\cls_hrnet_w48_sgd_lr5e-2_wd1e-4_bs32_x100
2022-12-29 08:25:45,452 Epoch: [74][0/13]	Time 13.125s (13.125s)	Speed 0.9 samples/s	Data 10.281s (10.281s)	Loss 0.34575 (0.34575)	Accuracy@1 83.333 (83.333)	Accuracy@5 100.000 (100.000)	
2022-12-29 08:26:13,005 Test: Time 2.989	Loss 1.0709	Error@1 16.667	Error@5 0.000	Accuracy@1 83.333	Accuracy@5 100.000	
2022-12-29 08:26:13,005 => saving checkpoint to output\imagenet\cls_hrnet_w48_sgd_lr5e-2_wd1e-4_bs32_x100
2022-12-29 08:26:27,437 Epoch: [75][0/13]	Time 13.153s (13.153s)	Speed 0.9 samples/s	Data 10.195s (10.195s)	Loss 0.55166 (0.55166)	Accuracy@1 75.000 (75.000)	Accuracy@5 100.000 (100.000)	
2022-12-29 08:26:55,105 Test: Time 2.981	Loss 0.9626	Error@1 11.111	Error@5 0.000	Accuracy@1 88.889	Accuracy@5 100.000	
2022-12-29 08:26:55,105 => saving checkpoint to output\imagenet\cls_hrnet_w48_sgd_lr5e-2_wd1e-4_bs32_x100
2022-12-29 08:27:08,872 Epoch: [76][0/13]	Time 12.474s (12.474s)	Speed 1.0 samples/s	Data 10.019s (10.019s)	Loss 0.34813 (0.34813)	Accuracy@1 83.333 (83.333)	Accuracy@5 100.000 (100.000)	
2022-12-29 08:27:36,313 Test: Time 2.875	Loss 0.9894	Error@1 16.667	Error@5 0.000	Accuracy@1 83.333	Accuracy@5 100.000	
2022-12-29 08:27:36,321 => saving checkpoint to output\imagenet\cls_hrnet_w48_sgd_lr5e-2_wd1e-4_bs32_x100
2022-12-29 08:27:50,731 Epoch: [77][0/13]	Time 13.131s (13.131s)	Speed 0.9 samples/s	Data 10.223s (10.223s)	Loss 0.17836 (0.17836)	Accuracy@1 91.667 (91.667)	Accuracy@5 100.000 (100.000)	
2022-12-29 08:28:18,249 Test: Time 2.942	Loss 1.2789	Error@1 16.667	Error@5 0.000	Accuracy@1 83.333	Accuracy@5 100.000	
2022-12-29 08:28:18,261 => saving checkpoint to output\imagenet\cls_hrnet_w48_sgd_lr5e-2_wd1e-4_bs32_x100
2022-12-29 08:28:31,336 Epoch: [78][0/13]	Time 11.791s (11.791s)	Speed 1.0 samples/s	Data 9.835s (9.835s)	Loss 0.43315 (0.43315)	Accuracy@1 83.333 (83.333)	Accuracy@5 100.000 (100.000)	
2022-12-29 08:28:58,942 Test: Time 2.995	Loss 0.9800	Error@1 5.556	Error@5 0.000	Accuracy@1 94.444	Accuracy@5 100.000	
2022-12-29 08:28:58,943 => saving checkpoint to output\imagenet\cls_hrnet_w48_sgd_lr5e-2_wd1e-4_bs32_x100
2022-12-29 08:29:13,497 Epoch: [79][0/13]	Time 13.203s (13.203s)	Speed 0.9 samples/s	Data 10.325s (10.325s)	Loss 0.16828 (0.16828)	Accuracy@1 91.667 (91.667)	Accuracy@5 100.000 (100.000)	
2022-12-29 08:29:40,798 Test: Time 2.878	Loss 1.0760	Error@1 16.667	Error@5 0.000	Accuracy@1 83.333	Accuracy@5 100.000	
2022-12-29 08:29:40,813 => saving checkpoint to output\imagenet\cls_hrnet_w48_sgd_lr5e-2_wd1e-4_bs32_x100
2022-12-29 08:29:55,180 Epoch: [80][0/13]	Time 13.091s (13.091s)	Speed 0.9 samples/s	Data 10.145s (10.145s)	Loss 0.15859 (0.15859)	Accuracy@1 91.667 (91.667)	Accuracy@5 100.000 (100.000)	
2022-12-29 08:30:22,896 Test: Time 3.013	Loss 1.0202	Error@1 16.667	Error@5 0.000	Accuracy@1 83.333	Accuracy@5 100.000	
2022-12-29 08:30:22,896 => saving checkpoint to output\imagenet\cls_hrnet_w48_sgd_lr5e-2_wd1e-4_bs32_x100
2022-12-29 08:30:36,201 Epoch: [81][0/13]	Time 12.005s (12.005s)	Speed 1.0 samples/s	Data 10.044s (10.044s)	Loss 0.33649 (0.33649)	Accuracy@1 91.667 (91.667)	Accuracy@5 100.000 (100.000)	
2022-12-29 08:31:03,726 Test: Time 2.909	Loss 0.8507	Error@1 16.667	Error@5 0.000	Accuracy@1 83.333	Accuracy@5 100.000	
2022-12-29 08:31:03,735 => saving checkpoint to output\imagenet\cls_hrnet_w48_sgd_lr5e-2_wd1e-4_bs32_x100
2022-12-29 08:31:16,927 Epoch: [82][0/13]	Time 11.888s (11.888s)	Speed 1.0 samples/s	Data 9.932s (9.932s)	Loss 0.23587 (0.23587)	Accuracy@1 91.667 (91.667)	Accuracy@5 100.000 (100.000)	
2022-12-29 08:31:44,324 Test: Time 2.873	Loss 0.9209	Error@1 11.111	Error@5 0.000	Accuracy@1 88.889	Accuracy@5 100.000	
2022-12-29 08:31:44,332 => saving checkpoint to output\imagenet\cls_hrnet_w48_sgd_lr5e-2_wd1e-4_bs32_x100
2022-12-29 08:31:58,724 Epoch: [83][0/13]	Time 13.116s (13.116s)	Speed 0.9 samples/s	Data 10.205s (10.205s)	Loss 0.22896 (0.22896)	Accuracy@1 91.667 (91.667)	Accuracy@5 100.000 (100.000)	
2022-12-29 08:32:26,078 Test: Time 2.907	Loss 1.3555	Error@1 11.111	Error@5 0.000	Accuracy@1 88.889	Accuracy@5 100.000	
2022-12-29 08:32:26,078 => saving checkpoint to output\imagenet\cls_hrnet_w48_sgd_lr5e-2_wd1e-4_bs32_x100
2022-12-29 08:32:39,328 Epoch: [84][0/13]	Time 11.957s (11.957s)	Speed 1.0 samples/s	Data 9.986s (9.986s)	Loss 0.59396 (0.59396)	Accuracy@1 66.667 (66.667)	Accuracy@5 100.000 (100.000)	
2022-12-29 08:33:06,845 Test: Time 2.978	Loss 1.1407	Error@1 11.111	Error@5 0.000	Accuracy@1 88.889	Accuracy@5 100.000	
2022-12-29 08:33:06,845 => saving checkpoint to output\imagenet\cls_hrnet_w48_sgd_lr5e-2_wd1e-4_bs32_x100
2022-12-29 08:33:19,962 Epoch: [85][0/13]	Time 11.820s (11.820s)	Speed 1.0 samples/s	Data 9.887s (9.887s)	Loss 0.33169 (0.33169)	Accuracy@1 83.333 (83.333)	Accuracy@5 100.000 (100.000)	
2022-12-29 08:33:47,636 Test: Time 3.029	Loss 1.0361	Error@1 11.111	Error@5 0.000	Accuracy@1 88.889	Accuracy@5 100.000	
2022-12-29 08:33:47,647 => saving checkpoint to output\imagenet\cls_hrnet_w48_sgd_lr5e-2_wd1e-4_bs32_x100
2022-12-29 08:34:01,486 Epoch: [86][0/13]	Time 12.558s (12.558s)	Speed 1.0 samples/s	Data 10.145s (10.145s)	Loss 0.30306 (0.30306)	Accuracy@1 91.667 (91.667)	Accuracy@5 100.000 (100.000)	
2022-12-29 08:34:29,058 Test: Time 2.992	Loss 1.1003	Error@1 16.667	Error@5 0.000	Accuracy@1 83.333	Accuracy@5 100.000	
2022-12-29 08:34:29,058 => saving checkpoint to output\imagenet\cls_hrnet_w48_sgd_lr5e-2_wd1e-4_bs32_x100
2022-12-29 08:34:42,879 Epoch: [87][0/13]	Time 12.494s (12.494s)	Speed 1.0 samples/s	Data 10.075s (10.075s)	Loss 0.36092 (0.36092)	Accuracy@1 83.333 (83.333)	Accuracy@5 100.000 (100.000)	
2022-12-29 08:35:10,601 Test: Time 3.023	Loss 1.0789	Error@1 16.667	Error@5 0.000	Accuracy@1 83.333	Accuracy@5 100.000	
2022-12-29 08:35:10,609 => saving checkpoint to output\imagenet\cls_hrnet_w48_sgd_lr5e-2_wd1e-4_bs32_x100
2022-12-29 08:35:25,116 Epoch: [88][0/13]	Time 13.221s (13.221s)	Speed 0.9 samples/s	Data 10.340s (10.340s)	Loss 0.29079 (0.29079)	Accuracy@1 83.333 (83.333)	Accuracy@5 100.000 (100.000)	
2022-12-29 08:35:52,453 Test: Time 2.885	Loss 1.1337	Error@1 22.222	Error@5 0.000	Accuracy@1 77.778	Accuracy@5 100.000	
2022-12-29 08:35:52,453 => saving checkpoint to output\imagenet\cls_hrnet_w48_sgd_lr5e-2_wd1e-4_bs32_x100
2022-12-29 08:36:05,509 Epoch: [89][0/13]	Time 11.739s (11.739s)	Speed 1.0 samples/s	Data 9.856s (9.856s)	Loss 0.38418 (0.38418)	Accuracy@1 91.667 (91.667)	Accuracy@5 100.000 (100.000)	
2022-12-29 08:36:33,002 Test: Time 2.993	Loss 1.1003	Error@1 22.222	Error@5 0.000	Accuracy@1 77.778	Accuracy@5 100.000	
2022-12-29 08:36:33,010 => saving checkpoint to output\imagenet\cls_hrnet_w48_sgd_lr5e-2_wd1e-4_bs32_x100
2022-12-29 08:36:46,085 Epoch: [90][0/13]	Time 11.757s (11.757s)	Speed 1.0 samples/s	Data 9.816s (9.816s)	Loss 0.64489 (0.64489)	Accuracy@1 75.000 (75.000)	Accuracy@5 100.000 (100.000)	
2022-12-29 08:37:13,626 Test: Time 3.039	Loss 0.9548	Error@1 22.222	Error@5 0.000	Accuracy@1 77.778	Accuracy@5 100.000	
2022-12-29 08:37:13,626 => saving checkpoint to output\imagenet\cls_hrnet_w48_sgd_lr5e-2_wd1e-4_bs32_x100
2022-12-29 08:37:27,314 Epoch: [91][0/13]	Time 12.371s (12.371s)	Speed 1.0 samples/s	Data 10.103s (10.103s)	Loss 0.19359 (0.19359)	Accuracy@1 100.000 (100.000)	Accuracy@5 100.000 (100.000)	
2022-12-29 08:37:54,814 Test: Time 2.995	Loss 1.0762	Error@1 16.667	Error@5 0.000	Accuracy@1 83.333	Accuracy@5 100.000	
2022-12-29 08:37:54,822 => saving checkpoint to output\imagenet\cls_hrnet_w48_sgd_lr5e-2_wd1e-4_bs32_x100
2022-12-29 08:38:07,910 Epoch: [92][0/13]	Time 11.767s (11.767s)	Speed 1.0 samples/s	Data 9.867s (9.867s)	Loss 0.25412 (0.25412)	Accuracy@1 83.333 (83.333)	Accuracy@5 100.000 (100.000)	
2022-12-29 08:38:35,164 Test: Time 2.845	Loss 1.1373	Error@1 22.222	Error@5 0.000	Accuracy@1 77.778	Accuracy@5 100.000	
2022-12-29 08:38:35,176 => saving checkpoint to output\imagenet\cls_hrnet_w48_sgd_lr5e-2_wd1e-4_bs32_x100
2022-12-29 08:38:49,593 Epoch: [93][0/13]	Time 13.121s (13.121s)	Speed 0.9 samples/s	Data 10.311s (10.311s)	Loss 0.25194 (0.25194)	Accuracy@1 91.667 (91.667)	Accuracy@5 100.000 (100.000)	
2022-12-29 08:39:17,143 Test: Time 3.010	Loss 1.1483	Error@1 22.222	Error@5 0.000	Accuracy@1 77.778	Accuracy@5 100.000	
2022-12-29 08:39:17,151 => saving checkpoint to output\imagenet\cls_hrnet_w48_sgd_lr5e-2_wd1e-4_bs32_x100
2022-12-29 08:39:30,390 Epoch: [94][0/13]	Time 11.961s (11.961s)	Speed 1.0 samples/s	Data 10.004s (10.004s)	Loss 0.51926 (0.51926)	Accuracy@1 75.000 (75.000)	Accuracy@5 100.000 (100.000)	
2022-12-29 08:39:57,783 Test: Time 2.922	Loss 1.3415	Error@1 16.667	Error@5 0.000	Accuracy@1 83.333	Accuracy@5 100.000	
2022-12-29 08:39:57,783 => saving checkpoint to output\imagenet\cls_hrnet_w48_sgd_lr5e-2_wd1e-4_bs32_x100
2022-12-29 08:40:10,995 Epoch: [95][0/13]	Time 11.926s (11.926s)	Speed 1.0 samples/s	Data 9.945s (9.945s)	Loss 0.89344 (0.89344)	Accuracy@1 75.000 (75.000)	Accuracy@5 100.000 (100.000)	
2022-12-29 08:40:38,517 Test: Time 2.989	Loss 1.2397	Error@1 16.667	Error@5 0.000	Accuracy@1 83.333	Accuracy@5 100.000	
2022-12-29 08:40:38,517 => saving checkpoint to output\imagenet\cls_hrnet_w48_sgd_lr5e-2_wd1e-4_bs32_x100
2022-12-29 08:40:52,227 Epoch: [96][0/13]	Time 12.377s (12.377s)	Speed 1.0 samples/s	Data 10.021s (10.021s)	Loss 0.43662 (0.43662)	Accuracy@1 83.333 (83.333)	Accuracy@5 100.000 (100.000)	
2022-12-29 08:41:19,673 Test: Time 3.014	Loss 1.2546	Error@1 22.222	Error@5 0.000	Accuracy@1 77.778	Accuracy@5 100.000	
2022-12-29 08:41:19,680 => saving checkpoint to output\imagenet\cls_hrnet_w48_sgd_lr5e-2_wd1e-4_bs32_x100
2022-12-29 08:41:33,209 Epoch: [97][0/13]	Time 12.208s (12.208s)	Speed 1.0 samples/s	Data 10.163s (10.163s)	Loss 0.98955 (0.98955)	Accuracy@1 58.333 (58.333)	Accuracy@5 100.000 (100.000)	
2022-12-29 08:42:01,565 Test: Time 3.346	Loss 1.1142	Error@1 22.222	Error@5 0.000	Accuracy@1 77.778	Accuracy@5 100.000	
2022-12-29 08:42:01,582 => saving checkpoint to output\imagenet\cls_hrnet_w48_sgd_lr5e-2_wd1e-4_bs32_x100
2022-12-29 08:42:18,206 Epoch: [98][0/13]	Time 14.380s (14.380s)	Speed 0.8 samples/s	Data 11.543s (11.543s)	Loss 0.47563 (0.47563)	Accuracy@1 83.333 (83.333)	Accuracy@5 100.000 (100.000)	
2022-12-29 08:42:45,573 Test: Time 2.905	Loss 1.0814	Error@1 22.222	Error@5 0.000	Accuracy@1 77.778	Accuracy@5 100.000	
2022-12-29 08:42:45,573 => saving checkpoint to output\imagenet\cls_hrnet_w48_sgd_lr5e-2_wd1e-4_bs32_x100
2022-12-29 08:43:00,107 Epoch: [99][0/13]	Time 13.274s (13.274s)	Speed 0.9 samples/s	Data 10.480s (10.480s)	Loss 0.37413 (0.37413)	Accuracy@1 91.667 (91.667)	Accuracy@5 100.000 (100.000)	
2022-12-29 08:43:27,261 Test: Time 2.956	Loss 1.4129	Error@1 16.667	Error@5 0.000	Accuracy@1 83.333	Accuracy@5 100.000	
2022-12-29 08:43:27,261 => saving checkpoint to output\imagenet\cls_hrnet_w48_sgd_lr5e-2_wd1e-4_bs32_x100
2022-12-29 08:43:28,584 saving final model state to output\imagenet\cls_hrnet_w48_sgd_lr5e-2_wd1e-4_bs32_x100\final_state.pth.tar
